<?xml version="1.0" encoding="UTF-8"?>
<!-- Generated by org.testng.reporters.JUnitReportReporter -->
<testsuite skipped="0" hostname="Jasmin" name="TempConvert.SampleXmlIT" tests="1" failures="0" timestamp="10 Apr 2018 16:54:38 GMT" time="0.397" errors="0">
  <testcase name="sampleXml" time="0.397" classname="TempConvert.SampleXmlIT"/>
</testsuite> <!-- TempConvert.SampleXmlIT -->
