<?xml version="1.0" encoding="UTF-8"?>
<!-- Generated by org.testng.reporters.JUnitReportReporter -->
<testsuite skipped="0" hostname="Jasmin" name="TempConvert.SampleJavaIT" tests="2" failures="0" timestamp="11 Apr 2018 13:11:03 GMT" time="0.795" errors="0">
  <testcase name="echoToday" time="0.678" classname="TempConvert.SampleJavaIT"/>
  <testcase name="sayHello" time="0.117" classname="TempConvert.SampleJavaIT"/>
</testsuite> <!-- TempConvert.SampleJavaIT -->
