<?xml version="1.0" encoding="UTF-8"?>
<!-- Generated by org.testng.reporters.JUnitReportReporter -->
<testsuite skipped="0" hostname="Jasmin" name="TempConvert.SampleXmlIT" tests="1" failures="0" timestamp="11 Apr 2018 12:55:25 GMT" time="0.676" errors="0">
  <testcase name="sampleXml" time="0.676" classname="TempConvert.SampleXmlIT"/>
</testsuite> <!-- TempConvert.SampleXmlIT -->
