<?xml version="1.0" encoding="UTF-8"?>
<!-- Generated by org.testng.reporters.JUnitReportReporter -->
<testsuite skipped="0" hostname="Jasmin" name="TempConvert.SampleJavaIT" tests="2" failures="0" timestamp="10 Apr 2018 16:54:38 GMT" time="0.487" errors="0">
  <testcase name="sayHello" time="0.113" classname="TempConvert.SampleJavaIT"/>
  <testcase name="echoToday" time="0.374" classname="TempConvert.SampleJavaIT"/>
</testsuite> <!-- TempConvert.SampleJavaIT -->
