<?xml version="1.0" encoding="UTF-8"?>
<!-- Generated by org.testng.reporters.JUnitReportReporter -->
<testsuite skipped="0" hostname="Jasmin" name="TempConvert.SampleJavaIT" tests="2" failures="0" timestamp="11 Apr 2018 16:48:35 GMT" time="0.359" errors="0">
  <testcase name="echoToday" time="0.233" classname="TempConvert.SampleJavaIT"/>
  <testcase name="sayHello" time="0.126" classname="TempConvert.SampleJavaIT"/>
</testsuite> <!-- TempConvert.SampleJavaIT -->
