<?xml version="1.0" encoding="UTF-8"?>
<!-- Generated by org.testng.reporters.JUnitReportReporter -->
<testsuite skipped="0" hostname="Jasmin" name="TempConvert.SampleJavaIT" tests="2" failures="0" timestamp="11 Apr 2018 12:55:25 GMT" time="0.379" errors="0">
  <testcase name="echoToday" time="0.263" classname="TempConvert.SampleJavaIT"/>
  <testcase name="sayHello" time="0.116" classname="TempConvert.SampleJavaIT"/>
</testsuite> <!-- TempConvert.SampleJavaIT -->
